CRITICAL - 2025-01-09 10:15:55 --> CodeIgniter\View\Exceptions\ViewException: Invalid file: "select_dates.php"
[Method: GET, Route: /]
in SYSTEMPATH/Exceptions/FrameworkException.php on line 41.
 1 SYSTEMPATH/View/View.php(222): CodeIgniter\Exceptions\FrameworkException::forInvalidFile('select_dates.php')
 2 SYSTEMPATH/Common.php(1171): CodeIgniter\View\View->render('select_dates', [], true)
 3 APPPATH/Controllers/Home.php(9): view('select_dates')
 4 SYSTEMPATH/CodeIgniter.php(933): App\Controllers\Home->index()
 5 SYSTEMPATH/CodeIgniter.php(509): CodeIgniter\CodeIgniter->runController(Object(App\Controllers\Home))
 6 SYSTEMPATH/CodeIgniter.php(355): CodeIgniter\CodeIgniter->handleRequest(null, Object(Config\Cache), false)
 7 SYSTEMPATH/Boot.php(334): CodeIgniter\CodeIgniter->run()
 8 SYSTEMPATH/Boot.php(67): CodeIgniter\Boot::runCodeIgniter(Object(CodeIgniter\CodeIgniter))
 9 FCPATH/index.php(56): CodeIgniter\Boot::bootWeb(Object(Config\Paths))
10 SYSTEMPATH/rewrite.php(44): require_once('/Users/irfanmusthofa/Desktop/TasteMe-TheWijaya-Microservice/public/index.php')
CRITICAL - 2025-01-09 10:15:56 --> CodeIgniter\View\Exceptions\ViewException: Invalid file: "select_dates.php"
[Method: GET, Route: /]
in SYSTEMPATH/Exceptions/FrameworkException.php on line 41.
 1 SYSTEMPATH/View/View.php(222): CodeIgniter\Exceptions\FrameworkException::forInvalidFile('select_dates.php')
 2 SYSTEMPATH/Common.php(1171): CodeIgniter\View\View->render('select_dates', [], true)
 3 APPPATH/Controllers/Home.php(9): view('select_dates')
 4 SYSTEMPATH/CodeIgniter.php(933): App\Controllers\Home->index()
 5 SYSTEMPATH/CodeIgniter.php(509): CodeIgniter\CodeIgniter->runController(Object(App\Controllers\Home))
 6 SYSTEMPATH/CodeIgniter.php(355): CodeIgniter\CodeIgniter->handleRequest(null, Object(Config\Cache), false)
 7 SYSTEMPATH/Boot.php(334): CodeIgniter\CodeIgniter->run()
 8 SYSTEMPATH/Boot.php(67): CodeIgniter\Boot::runCodeIgniter(Object(CodeIgniter\CodeIgniter))
 9 FCPATH/index.php(56): CodeIgniter\Boot::bootWeb(Object(Config\Paths))
10 SYSTEMPATH/rewrite.php(44): require_once('/Users/irfanmusthofa/Desktop/TasteMe-TheWijaya-Microservice/public/index.php')
CRITICAL - 2025-01-09 10:16:06 --> CodeIgniter\View\Exceptions\ViewException: Invalid file: "select_dates.php"
[Method: GET, Route: /]
in SYSTEMPATH/Exceptions/FrameworkException.php on line 41.
 1 SYSTEMPATH/View/View.php(222): CodeIgniter\Exceptions\FrameworkException::forInvalidFile('select_dates.php')
 2 SYSTEMPATH/Common.php(1171): CodeIgniter\View\View->render('select_dates', [], true)
 3 APPPATH/Controllers/Home.php(9): view('select_dates')
 4 SYSTEMPATH/CodeIgniter.php(933): App\Controllers\Home->index()
 5 SYSTEMPATH/CodeIgniter.php(509): CodeIgniter\CodeIgniter->runController(Object(App\Controllers\Home))
 6 SYSTEMPATH/CodeIgniter.php(355): CodeIgniter\CodeIgniter->handleRequest(null, Object(Config\Cache), false)
 7 SYSTEMPATH/Boot.php(334): CodeIgniter\CodeIgniter->run()
 8 SYSTEMPATH/Boot.php(67): CodeIgniter\Boot::runCodeIgniter(Object(CodeIgniter\CodeIgniter))
 9 FCPATH/index.php(56): CodeIgniter\Boot::bootWeb(Object(Config\Paths))
10 SYSTEMPATH/rewrite.php(44): require_once('/Users/irfanmusthofa/Desktop/TasteMe-TheWijaya-Microservice/public/index.php')
CRITICAL - 2025-01-09 10:16:08 --> CodeIgniter\View\Exceptions\ViewException: Invalid file: "select_dates.php"
[Method: GET, Route: /]
in SYSTEMPATH/Exceptions/FrameworkException.php on line 41.
 1 SYSTEMPATH/View/View.php(222): CodeIgniter\Exceptions\FrameworkException::forInvalidFile('select_dates.php')
 2 SYSTEMPATH/Common.php(1171): CodeIgniter\View\View->render('select_dates', [], true)
 3 APPPATH/Controllers/Home.php(9): view('select_dates')
 4 SYSTEMPATH/CodeIgniter.php(933): App\Controllers\Home->index()
 5 SYSTEMPATH/CodeIgniter.php(509): CodeIgniter\CodeIgniter->runController(Object(App\Controllers\Home))
 6 SYSTEMPATH/CodeIgniter.php(355): CodeIgniter\CodeIgniter->handleRequest(null, Object(Config\Cache), false)
 7 SYSTEMPATH/Boot.php(334): CodeIgniter\CodeIgniter->run()
 8 SYSTEMPATH/Boot.php(67): CodeIgniter\Boot::runCodeIgniter(Object(CodeIgniter\CodeIgniter))
 9 FCPATH/index.php(56): CodeIgniter\Boot::bootWeb(Object(Config\Paths))
10 SYSTEMPATH/rewrite.php(44): require_once('/Users/irfanmusthofa/Desktop/TasteMe-TheWijaya-Microservice/public/index.php')
CRITICAL - 2025-01-09 10:16:26 --> CodeIgniter\View\Exceptions\ViewException: Invalid file: "select_dates.php"
[Method: GET, Route: /]
in SYSTEMPATH/Exceptions/FrameworkException.php on line 41.
 1 SYSTEMPATH/View/View.php(222): CodeIgniter\Exceptions\FrameworkException::forInvalidFile('select_dates.php')
 2 SYSTEMPATH/Common.php(1171): CodeIgniter\View\View->render('select_dates', [], true)
 3 APPPATH/Controllers/Home.php(9): view('select_dates')
 4 SYSTEMPATH/CodeIgniter.php(933): App\Controllers\Home->index()
 5 SYSTEMPATH/CodeIgniter.php(509): CodeIgniter\CodeIgniter->runController(Object(App\Controllers\Home))
 6 SYSTEMPATH/CodeIgniter.php(355): CodeIgniter\CodeIgniter->handleRequest(null, Object(Config\Cache), false)
 7 SYSTEMPATH/Boot.php(334): CodeIgniter\CodeIgniter->run()
 8 SYSTEMPATH/Boot.php(67): CodeIgniter\Boot::runCodeIgniter(Object(CodeIgniter\CodeIgniter))
 9 FCPATH/index.php(56): CodeIgniter\Boot::bootWeb(Object(Config\Paths))
10 SYSTEMPATH/rewrite.php(44): require_once('/Users/irfanmusthofa/Desktop/TasteMe-TheWijaya-Microservice/public/index.php')
CRITICAL - 2025-01-09 10:16:40 --> CodeIgniter\View\Exceptions\ViewException: Invalid file: "select_dates.php"
[Method: GET, Route: /]
in SYSTEMPATH/Exceptions/FrameworkException.php on line 41.
 1 SYSTEMPATH/View/View.php(222): CodeIgniter\Exceptions\FrameworkException::forInvalidFile('select_dates.php')
 2 SYSTEMPATH/Common.php(1171): CodeIgniter\View\View->render('select_dates', [], true)
 3 APPPATH/Controllers/Home.php(9): view('select_dates')
 4 SYSTEMPATH/CodeIgniter.php(933): App\Controllers\Home->index()
 5 SYSTEMPATH/CodeIgniter.php(509): CodeIgniter\CodeIgniter->runController(Object(App\Controllers\Home))
 6 SYSTEMPATH/CodeIgniter.php(355): CodeIgniter\CodeIgniter->handleRequest(null, Object(Config\Cache), false)
 7 SYSTEMPATH/Boot.php(334): CodeIgniter\CodeIgniter->run()
 8 SYSTEMPATH/Boot.php(67): CodeIgniter\Boot::runCodeIgniter(Object(CodeIgniter\CodeIgniter))
 9 FCPATH/index.php(56): CodeIgniter\Boot::bootWeb(Object(Config\Paths))
10 SYSTEMPATH/rewrite.php(44): require_once('/Users/irfanmusthofa/Desktop/TasteMe-TheWijaya-Microservice/public/index.php')
CRITICAL - 2025-01-09 10:16:59 --> CodeIgniter\View\Exceptions\ViewException: Invalid file: "select_dates.php"
[Method: GET, Route: /]
in SYSTEMPATH/Exceptions/FrameworkException.php on line 41.
 1 SYSTEMPATH/View/View.php(222): CodeIgniter\Exceptions\FrameworkException::forInvalidFile('select_dates.php')
 2 SYSTEMPATH/Common.php(1171): CodeIgniter\View\View->render('select_dates', [], true)
 3 APPPATH/Controllers/Home.php(9): view('select_dates')
 4 SYSTEMPATH/CodeIgniter.php(933): App\Controllers\Home->index()
 5 SYSTEMPATH/CodeIgniter.php(509): CodeIgniter\CodeIgniter->runController(Object(App\Controllers\Home))
 6 SYSTEMPATH/CodeIgniter.php(355): CodeIgniter\CodeIgniter->handleRequest(null, Object(Config\Cache), false)
 7 SYSTEMPATH/Boot.php(334): CodeIgniter\CodeIgniter->run()
 8 SYSTEMPATH/Boot.php(67): CodeIgniter\Boot::runCodeIgniter(Object(CodeIgniter\CodeIgniter))
 9 FCPATH/index.php(56): CodeIgniter\Boot::bootWeb(Object(Config\Paths))
10 SYSTEMPATH/rewrite.php(44): require_once('/Users/irfanmusthofa/Desktop/TasteMe-TheWijaya-Microservice/public/index.php')
CRITICAL - 2025-01-09 10:17:01 --> CodeIgniter\View\Exceptions\ViewException: Invalid file: "select_dates.php"
[Method: GET, Route: /]
in SYSTEMPATH/Exceptions/FrameworkException.php on line 41.
 1 SYSTEMPATH/View/View.php(222): CodeIgniter\Exceptions\FrameworkException::forInvalidFile('select_dates.php')
 2 SYSTEMPATH/Common.php(1171): CodeIgniter\View\View->render('select_dates', [], true)
 3 APPPATH/Controllers/Home.php(9): view('select_dates')
 4 SYSTEMPATH/CodeIgniter.php(933): App\Controllers\Home->index()
 5 SYSTEMPATH/CodeIgniter.php(509): CodeIgniter\CodeIgniter->runController(Object(App\Controllers\Home))
 6 SYSTEMPATH/CodeIgniter.php(355): CodeIgniter\CodeIgniter->handleRequest(null, Object(Config\Cache), false)
 7 SYSTEMPATH/Boot.php(334): CodeIgniter\CodeIgniter->run()
 8 SYSTEMPATH/Boot.php(67): CodeIgniter\Boot::runCodeIgniter(Object(CodeIgniter\CodeIgniter))
 9 FCPATH/index.php(56): CodeIgniter\Boot::bootWeb(Object(Config\Paths))
10 SYSTEMPATH/rewrite.php(44): require_once('/Users/irfanmusthofa/Desktop/TasteMe-TheWijaya-Microservice/public/index.php')
CRITICAL - 2025-01-09 10:17:34 --> CodeIgniter\View\Exceptions\ViewException: Invalid file: "select_dates.php"
[Method: GET, Route: /]
in SYSTEMPATH/Exceptions/FrameworkException.php on line 41.
 1 SYSTEMPATH/View/View.php(222): CodeIgniter\Exceptions\FrameworkException::forInvalidFile('select_dates.php')
 2 SYSTEMPATH/Common.php(1171): CodeIgniter\View\View->render('select_dates', [], true)
 3 APPPATH/Controllers/Home.php(9): view('select_dates')
 4 SYSTEMPATH/CodeIgniter.php(933): App\Controllers\Home->index()
 5 SYSTEMPATH/CodeIgniter.php(509): CodeIgniter\CodeIgniter->runController(Object(App\Controllers\Home))
 6 SYSTEMPATH/CodeIgniter.php(355): CodeIgniter\CodeIgniter->handleRequest(null, Object(Config\Cache), false)
 7 SYSTEMPATH/Boot.php(334): CodeIgniter\CodeIgniter->run()
 8 SYSTEMPATH/Boot.php(67): CodeIgniter\Boot::runCodeIgniter(Object(CodeIgniter\CodeIgniter))
 9 FCPATH/index.php(56): CodeIgniter\Boot::bootWeb(Object(Config\Paths))
10 SYSTEMPATH/rewrite.php(44): require_once('/Users/irfanmusthofa/Desktop/TasteMe-TheWijaya-Microservice/public/index.php')
